2021-52-17 08:52:23.617 [JavaFX Application Thread] INFO  database.DB2 - 
 Connection READY
2021-52-17 08:52:23.858 [JavaFX Application Thread] INFO  database.DB2 - Getting all Contacts
2021-52-17 08:52:47.528 [JavaFX Application Thread] INFO  database.DB2 - Contacts Removed From Database
2021-53-17 08:53:01.244 [JavaFX Application Thread] ERROR controller.ViewController - Invalid data was entered
2021-53-17 08:53:17.524 [JavaFX Application Thread] INFO  database.DB2 - Contacts Add To Database
2021-53-17 08:53:41.214 [JavaFX Application Thread] INFO  controller.ViewController - Disconnect
2021-54-17 08:54:36.798 [JavaFX Application Thread] INFO  database.DB2 - 
 Connection READY
2021-54-17 08:54:37.055 [JavaFX Application Thread] INFO  database.DB2 - Getting all Contacts
2021-54-17 08:54:56.820 [JavaFX Application Thread] INFO  database.DB2 - Contacts Add To Database
2021-55-17 08:55:10.120 [JavaFX Application Thread] INFO  database.DB2 - Contacts Add To Database
2021-55-17 08:55:22.505 [JavaFX Application Thread] ERROR controller.ViewController - Invalid data was entered
2021-55-17 08:55:25.289 [JavaFX Application Thread] INFO  controller.ViewController - Pdf generated
2021-55-17 08:55:25.291 [JavaFX Application Thread] ERROR controller.ViewController - Invalid file name was entered
2021-55-17 08:55:30.077 [JavaFX Application Thread] INFO  controller.ViewController - Pdf generated
2021-55-17 08:55:32.667 [JavaFX Application Thread] INFO  controller.ViewController - Disconnect
2021-56-17 08:56:05.812 [JavaFX Application Thread] INFO  database.DB2 - 
 Connection READY
2021-56-17 08:56:06.063 [JavaFX Application Thread] INFO  database.DB2 - Getting all Contacts
2021-56-17 08:56:10.280 [JavaFX Application Thread] INFO  controller.ViewController - Disconnect
